<?xml version="1.0" encoding="UTF-8"?>
<!-- Generated by org.testng.reporters.JUnitXMLReporter -->
<testsuite hostname="krish" ignored="0" name="Test" tests="4" failures="0" timestamp="2022-11-16T20:29:55 IST" time="20.191" errors="0">
  <testcase name="t1" time="5.755" classname="pack1.c1"/>
  <testcase name="t4" time="8.117" classname="pack2.c4"/>
  <testcase name="t3" time="11.066" classname="pack2.c3"/>
  <testcase name="t2" time="20.153" classname="pack1.c2"/>
</testsuite> <!-- Test -->
