<?xml version="1.0" encoding="UTF-8"?>
<testng-results skipped="0" failed="0" ignored="0" total="1" passed="1">
  <reporter-output>
  </reporter-output>
  <suite name="Default suite" duration-ms="4300" started-at="2022-11-21T20:17:32 IST" finished-at="2022-11-21T20:17:37 IST">
    <groups>
    </groups>
    <test name="Default test" duration-ms="4300" started-at="2022-11-21T20:17:32 IST" finished-at="2022-11-21T20:17:37 IST">
      <class name="extentreports.e1">
        <test-method status="PASS" signature="startTest()[pri:0, instance:extentreports.e1@4abdb505]" name="startTest" is-config="true" duration-ms="119" started-at="2022-11-21T20:17:32 IST" finished-at="2022-11-21T20:17:32 IST">
          <reporter-output>
          </reporter-output>
        </test-method> <!-- startTest -->
        <test-method status="PASS" signature="extentReportsDemo()[pri:0, instance:extentreports.e1@4abdb505]" name="extentReportsDemo" duration-ms="3885" started-at="2022-11-21T20:17:32 IST" finished-at="2022-11-21T20:17:36 IST">
          <reporter-output>
          </reporter-output>
        </test-method> <!-- extentReportsDemo -->
        <test-method status="PASS" signature="endTest()[pri:0, instance:extentreports.e1@4abdb505]" name="endTest" is-config="true" duration-ms="261" started-at="2022-11-21T20:17:36 IST" finished-at="2022-11-21T20:17:37 IST">
          <reporter-output>
          </reporter-output>
        </test-method> <!-- endTest -->
      </class> <!-- extentreports.e1 -->
    </test> <!-- Default test -->
  </suite> <!-- Default suite -->
</testng-results>
